<?xml version="1.0" encoding="UTF-8"?>
<!-- Generated by org.testng.reporters.JUnitXMLReporter -->
<testsuite hostname="GOLAB" ignored="0" name="Default test" tests="3" failures="0" timestamp="2021-04-09T15:28:29 IST" time="154.126" errors="0">
  <testcase name="scenario" time="58.181" classname="stepDefination.TestNGRunner"/>
  <testcase name="scenario" time="37.793" classname="stepDefination.TestNGRunner"/>
  <testcase name="scenario" time="57.515" classname="stepDefination.TestNGRunner"/>
</testsuite> <!-- Default test -->
