<?xml version="1.0" encoding="UTF-8"?>
<testng-results skipped="0" failed="0" ignored="0" total="3" passed="3">
  <reporter-output>
  </reporter-output>
  <suite name="Default suite" duration-ms="154126" started-at="2021-04-09T15:25:55 IST" finished-at="2021-04-09T15:28:29 IST">
    <groups>
      <group name="Cucumber">
        <method signature="TestNGRunner.scenario(io.cucumber.testng.PickleEventWrapper, io.cucumber.testng.CucumberFeatureWrapper)[pri:0, instance:stepDefination.TestNGRunner@cb0ed20]" name="scenario" class="stepDefination.TestNGRunner"/>
      </group> <!-- Cucumber -->
    </groups>
    <test name="Default test" duration-ms="154126" started-at="2021-04-09T15:25:55 IST" finished-at="2021-04-09T15:28:29 IST">
      <class name="stepDefination.TestNGRunner">
        <test-method status="PASS" signature="setUpClass()[pri:0, instance:stepDefination.TestNGRunner@cb0ed20]" name="setUpClass" is-config="true" duration-ms="246" started-at="2021-04-09T15:25:55 IST" finished-at="2021-04-09T15:25:55 IST">
          <reporter-output>
          </reporter-output>
        </test-method> <!-- setUpClass -->
        <test-method status="PASS" signature="scenario(io.cucumber.testng.PickleEventWrapper, io.cucumber.testng.CucumberFeatureWrapper)[pri:0, instance:stepDefination.TestNGRunner@cb0ed20]" name="scenario" duration-ms="58181" started-at="2021-04-09T15:25:55 IST" description="Runs Cucumber Feature" data-provider="scenarios" finished-at="2021-04-09T15:26:53 IST">
          <params>
            <param index="0">
              <value>
                <![CDATA[""]]>
              </value>
            </param>
            <param index="1">
              <value>
                <![CDATA["Tuto"]]>
              </value>
            </param>
          </params>
          <reporter-output>
          </reporter-output>
        </test-method> <!-- scenario -->
        <test-method status="PASS" signature="scenario(io.cucumber.testng.PickleEventWrapper, io.cucumber.testng.CucumberFeatureWrapper)[pri:0, instance:stepDefination.TestNGRunner@cb0ed20]" name="scenario" duration-ms="37793" started-at="2021-04-09T15:26:53 IST" description="Runs Cucumber Feature" data-provider="scenarios" finished-at="2021-04-09T15:27:31 IST">
          <params>
            <param index="0">
              <value>
                <![CDATA[""]]>
              </value>
            </param>
            <param index="1">
              <value>
                <![CDATA["Tuto"]]>
              </value>
            </param>
          </params>
          <reporter-output>
          </reporter-output>
        </test-method> <!-- scenario -->
        <test-method status="PASS" signature="scenario(io.cucumber.testng.PickleEventWrapper, io.cucumber.testng.CucumberFeatureWrapper)[pri:0, instance:stepDefination.TestNGRunner@cb0ed20]" name="scenario" duration-ms="57515" started-at="2021-04-09T15:27:31 IST" description="Runs Cucumber Feature" data-provider="scenarios" finished-at="2021-04-09T15:28:28 IST">
          <params>
            <param index="0">
              <value>
                <![CDATA[""]]>
              </value>
            </param>
            <param index="1">
              <value>
                <![CDATA["Tuto"]]>
              </value>
            </param>
          </params>
          <reporter-output>
          </reporter-output>
        </test-method> <!-- scenario -->
        <test-method status="PASS" signature="tearDownClass()[pri:0, instance:stepDefination.TestNGRunner@cb0ed20]" name="tearDownClass" is-config="true" duration-ms="229" started-at="2021-04-09T15:28:28 IST" finished-at="2021-04-09T15:28:29 IST">
          <reporter-output>
          </reporter-output>
        </test-method> <!-- tearDownClass -->
      </class> <!-- stepDefination.TestNGRunner -->
    </test> <!-- Default test -->
  </suite> <!-- Default suite -->
</testng-results>
